<?xml version="1.0" encoding="UTF-8"?>
<testsuite name="com.practice.roomba.model.RoombaTelemetryTest" tests="3" skipped="0" failures="0" errors="0" timestamp="2026-01-25T19:00:53" hostname="firebase-ihmc-roomba-headless-1766533371873" time="0.049">
  <properties/>
  <testcase name="settersAndGettersRoundTrip()" classname="com.practice.roomba.model.RoombaTelemetryTest" time="0.009"/>
  <testcase name="toConsoleLineIncludesKeyValuesAndFormatting()" classname="com.practice.roomba.model.RoombaTelemetryTest" time="0.007"/>
  <testcase name="defaultConstructionCreatesPoseAndHasDefaults()" classname="com.practice.roomba.model.RoombaTelemetryTest" time="0.006"/>
  <system-out><![CDATA[]]></system-out>
  <system-err><![CDATA[]]></system-err>
</testsuite>
