<?xml version="1.0" encoding="UTF-8"?>
<testsuite name="com.practice.roomba.model.RoombaTelemetryTest" tests="3" skipped="0" failures="0" errors="0" timestamp="2026-01-25T16:45:07" hostname="firebase-ihmc-roomba-headless-1766533371873" time="0.028">
  <properties/>
  <testcase name="settersAndGettersRoundTrip()" classname="com.practice.roomba.model.RoombaTelemetryTest" time="0.007"/>
  <testcase name="toConsoleLineIncludesKeyValuesAndFormatting()" classname="com.practice.roomba.model.RoombaTelemetryTest" time="0.01"/>
  <testcase name="defaultConstructionCreatesPoseAndHasDefaults()" classname="com.practice.roomba.model.RoombaTelemetryTest" time="0.004"/>
  <system-out><![CDATA[]]></system-out>
  <system-err><![CDATA[]]></system-err>
</testsuite>
